<?xml version="1.0" encoding="UTF-8"?>
<robot generator="Robot 3.2.2 (Python 3.9.1 on win32)" generated="20210116 20:58:48.580" rpa="false">
<suite id="s1" name="TEST2" source="C:\Users\swath\PycharmProjects\pythonProject3\TestCases\TEST2.robot">
<test id="s1-t1" name="LoginTest">
<kw name="Open Browser" library="SeleniumLibrary">
<doc>Opens a new browser instance to the optional ``url``.</doc>
<arguments>
<arg>${url}</arg>
<arg>${browser}</arg>
</arguments>
<msg timestamp="20210116 20:58:48.922" level="INFO">Opening browser 'chrome' to base url 'https://www.flipkart.com/'.</msg>
<status status="PASS" starttime="20210116 20:58:48.922" endtime="20210116 20:58:58.523"></status>
</kw>
<kw name="Maximize Browser Window" library="SeleniumLibrary">
<doc>Maximizes current browser window.</doc>
<status status="PASS" starttime="20210116 20:58:58.525" endtime="20210116 20:59:00.658"></status>
</kw>
<kw name="LOGIN TO APPLICATION">
<kw name="Input Text" library="SeleniumLibrary">
<doc>Types the given ``text`` into the text field identified by ``locator``.</doc>
<arguments>
<arg>xpath=/html/body/div[2]/div/div/div/div/div[2]/div/form/div[1]/input</arg>
<arg>6282519546</arg>
</arguments>
<msg timestamp="20210116 20:59:00.659" level="INFO">Typing text '6282519546' into text field 'xpath=/html/body/div[2]/div/div/div/div/div[2]/div/form/div[1]/input'.</msg>
<status status="PASS" starttime="20210116 20:59:00.658" endtime="20210116 20:59:00.813"></status>
</kw>
<kw name="Input Text" library="SeleniumLibrary">
<doc>Types the given ``text`` into the text field identified by ``locator``.</doc>
<arguments>
<arg>xpath=/html/body/div[2]/div/div/div/div/div[2]/div/form/div[2]/input</arg>
<arg>swathy@19</arg>
</arguments>
<msg timestamp="20210116 20:59:00.813" level="INFO">Typing text 'swathy@19' into text field 'xpath=/html/body/div[2]/div/div/div/div/div[2]/div/form/div[2]/input'.</msg>
<status status="PASS" starttime="20210116 20:59:00.813" endtime="20210116 20:59:00.965"></status>
</kw>
<kw name="Click Button" library="SeleniumLibrary">
<doc>Clicks the button identified by ``locator``.</doc>
<arguments>
<arg>xpath=/html/body/div[2]/div/div/div/div/div[2]/div/form/div[3]/button</arg>
</arguments>
<msg timestamp="20210116 20:59:00.965" level="INFO">Clicking button 'xpath=/html/body/div[2]/div/div/div/div/div[2]/div/form/div[3]/button'.</msg>
<status status="PASS" starttime="20210116 20:59:00.965" endtime="20210116 20:59:01.094"></status>
</kw>
<kw name="Sleep" library="BuiltIn">
<doc>Pauses the test executed for the given time.</doc>
<arguments>
<arg>2</arg>
</arguments>
<msg timestamp="20210116 20:59:03.095" level="INFO">Slept 2 seconds</msg>
<status status="PASS" starttime="20210116 20:59:01.094" endtime="20210116 20:59:03.095"></status>
</kw>
<kw name="Log To Console" library="BuiltIn">
<doc>Logs the given message to the console.</doc>
<arguments>
<arg>Step1</arg>
</arguments>
<status status="PASS" starttime="20210116 20:59:03.096" endtime="20210116 20:59:03.097"></status>
</kw>
<status status="PASS" starttime="20210116 20:59:00.658" endtime="20210116 20:59:03.097"></status>
</kw>
<kw name="Navigate to Category &quot;Electronics&quot;">
<kw name="Mouse Over" library="SeleniumLibrary">
<doc>Simulates hovering the mouse over the element ``locator``.</doc>
<arguments>
<arg>${Electronics}</arg>
</arguments>
<msg timestamp="20210116 20:59:03.100" level="INFO">Simulating Mouse Over on element 'xpath=//*[@id="container"]/div/div[2]/div/div/span[1]'.</msg>
<status status="PASS" starttime="20210116 20:59:03.099" endtime="20210116 20:59:03.439"></status>
</kw>
<kw name="Sleep" library="BuiltIn">
<doc>Pauses the test executed for the given time.</doc>
<arguments>
<arg>3s</arg>
</arguments>
<msg timestamp="20210116 20:59:06.441" level="INFO">Slept 3 seconds</msg>
<status status="PASS" starttime="20210116 20:59:03.439" endtime="20210116 20:59:06.442"></status>
</kw>
<kw name="Log To Console" library="BuiltIn">
<doc>Logs the given message to the console.</doc>
<arguments>
<arg>Step2</arg>
</arguments>
<status status="PASS" starttime="20210116 20:59:06.442" endtime="20210116 20:59:06.443"></status>
</kw>
<status status="PASS" starttime="20210116 20:59:03.098" endtime="20210116 20:59:06.443"></status>
</kw>
<status status="PASS" starttime="20210116 20:58:48.921" endtime="20210116 20:59:06.444" critical="yes"></status>
</test>
<test id="s1-t2" name="Select Category">
<kw name="Select the sub category 'power bank'">
<kw name="Click Element" library="SeleniumLibrary">
<doc>Click the element identified by ``locator``.</doc>
<arguments>
<arg>Xpath=//*[@id="container"]/div/div[2]/div/div/div/div[2]/a[4]</arg>
</arguments>
<msg timestamp="20210116 20:59:06.448" level="INFO">Clicking element 'Xpath=//*[@id="container"]/div/div[2]/div/div/div/div[2]/a[4]'.</msg>
<status status="PASS" starttime="20210116 20:59:06.448" endtime="20210116 20:59:06.540"></status>
</kw>
<kw name="Sleep" library="BuiltIn">
<doc>Pauses the test executed for the given time.</doc>
<arguments>
<arg>5s</arg>
</arguments>
<msg timestamp="20210116 20:59:11.541" level="INFO">Slept 5 seconds</msg>
<status status="PASS" starttime="20210116 20:59:06.540" endtime="20210116 20:59:11.541"></status>
</kw>
<kw name="Log To Console" library="BuiltIn">
<doc>Logs the given message to the console.</doc>
<arguments>
<arg>Step3</arg>
</arguments>
<status status="PASS" starttime="20210116 20:59:11.541" endtime="20210116 20:59:11.542"></status>
</kw>
<status status="PASS" starttime="20210116 20:59:06.447" endtime="20210116 20:59:11.543"></status>
</kw>
<kw name="Select an item">
<kw name="Get Element Count" library="SeleniumLibrary">
<doc>Returns the number of elements matching ``locator``.</doc>
<arguments>
<arg>xpath=//div[@class='E2-pcE _1q8tSL']/div</arg>
</arguments>
<assign>
<var>${Category_count}</var>
</assign>
<msg timestamp="20210116 20:59:11.588" level="INFO">${Category_count} = 14</msg>
<status status="PASS" starttime="20210116 20:59:11.546" endtime="20210116 20:59:11.589"></status>
</kw>
<kw name="Sleep" library="BuiltIn">
<doc>Pauses the test executed for the given time.</doc>
<arguments>
<arg>3s</arg>
</arguments>
<msg timestamp="20210116 20:59:14.590" level="INFO">Slept 3 seconds</msg>
<status status="PASS" starttime="20210116 20:59:11.589" endtime="20210116 20:59:14.590"></status>
</kw>
<kw name="${i} IN RANGE [ 1 | ${Category_count} ]" type="for">
<kw name="${i} = 1" type="foritem">
<kw name="Get Text" library="SeleniumLibrary">
<doc>Returns the text value of the element identified by ``locator``.</doc>
<arguments>
<arg>xpath=//div[@class='E2-pcE _1q8tSL']/div[2]/div/div[${i}]/div/a[2]</arg>
</arguments>
<assign>
<var>${Category_Name}</var>
</assign>
<kw name="Capture Page Screenshot" library="SeleniumLibrary">
<doc>Takes a screenshot of the current page and embeds it into a log file.</doc>
<msg timestamp="20210116 20:59:15.325" level="INFO" html="yes">&lt;/td&gt;&lt;/tr&gt;&lt;tr&gt;&lt;td colspan="3"&gt;&lt;a href="selenium-screenshot-5.png"&gt;&lt;img src="selenium-screenshot-5.png" width="800px"&gt;&lt;/a&gt;</msg>
<status status="PASS" starttime="20210116 20:59:14.609" endtime="20210116 20:59:15.325"></status>
</kw>
<msg timestamp="20210116 20:59:15.334" level="FAIL">Element with locator 'xpath=//div[@class='E2-pcE _1q8tSL']/div[2]/div/div[1]/div/a[2]' not found.</msg>
<status status="FAIL" starttime="20210116 20:59:14.591" endtime="20210116 20:59:15.334"></status>
</kw>
<status status="FAIL" starttime="20210116 20:59:14.591" endtime="20210116 20:59:15.334"></status>
</kw>
<status status="FAIL" starttime="20210116 20:59:14.590" endtime="20210116 20:59:15.334"></status>
</kw>
<status status="FAIL" starttime="20210116 20:59:11.545" endtime="20210116 20:59:15.335"></status>
</kw>
<status status="FAIL" starttime="20210116 20:59:06.446" endtime="20210116 20:59:15.336" critical="yes">Element with locator 'xpath=//div[@class='E2-pcE _1q8tSL']/div[2]/div/div[1]/div/a[2]' not found.</status>
</test>
<status status="FAIL" starttime="20210116 20:58:48.583" endtime="20210116 20:59:15.338"></status>
</suite>
<statistics>
<total>
<stat pass="1" fail="1">Critical Tests</stat>
<stat pass="1" fail="1">All Tests</stat>
</total>
<tag>
</tag>
<suite>
<stat pass="1" fail="1" id="s1" name="TEST2">TEST2</stat>
</suite>
</statistics>
<errors>
</errors>
</robot>
