<?xml version="1.0" encoding="UTF-8"?>
<robot generator="Robot 3.2.2 (Python 3.9.1 on win32)" generated="20210116 19:57:25.833" rpa="false">
<suite id="s1" name="TEST2" source="C:\Users\swath\PycharmProjects\pythonProject3\TestCases\TEST2.robot">
<test id="s1-t1" name="LoginTest">
<kw name="Open Browser" library="SeleniumLibrary">
<doc>Opens a new browser instance to the optional ``url``.</doc>
<arguments>
<arg>${url}</arg>
<arg>${browser}</arg>
</arguments>
<msg timestamp="20210116 19:57:26.188" level="INFO">Opening browser 'chrome' to base url 'https://www.flipkart.com/'.</msg>
<status status="PASS" starttime="20210116 19:57:26.188" endtime="20210116 19:57:34.473"></status>
</kw>
<kw name="Maximize Browser Window" library="SeleniumLibrary">
<doc>Maximizes current browser window.</doc>
<status status="PASS" starttime="20210116 19:57:34.474" endtime="20210116 19:57:36.602"></status>
</kw>
<kw name="LOGIN TO APPLICATION">
<kw name="Input Text" library="SeleniumLibrary">
<doc>Types the given ``text`` into the text field identified by ``locator``.</doc>
<arguments>
<arg>xpath=/html/body/div[2]/div/div/div/div/div[2]/div/form/div[1]/input</arg>
<arg>6282519546</arg>
</arguments>
<msg timestamp="20210116 19:57:36.604" level="INFO">Typing text '6282519546' into text field 'xpath=/html/body/div[2]/div/div/div/div/div[2]/div/form/div[1]/input'.</msg>
<status status="PASS" starttime="20210116 19:57:36.603" endtime="20210116 19:57:36.772"></status>
</kw>
<kw name="Input Text" library="SeleniumLibrary">
<doc>Types the given ``text`` into the text field identified by ``locator``.</doc>
<arguments>
<arg>xpath=/html/body/div[2]/div/div/div/div/div[2]/div/form/div[2]/input</arg>
<arg>swathy@19</arg>
</arguments>
<msg timestamp="20210116 19:57:36.773" level="INFO">Typing text 'swathy@19' into text field 'xpath=/html/body/div[2]/div/div/div/div/div[2]/div/form/div[2]/input'.</msg>
<status status="PASS" starttime="20210116 19:57:36.772" endtime="20210116 19:57:36.947"></status>
</kw>
<kw name="Click Button" library="SeleniumLibrary">
<doc>Clicks the button identified by ``locator``.</doc>
<arguments>
<arg>xpath=/html/body/div[2]/div/div/div/div/div[2]/div/form/div[3]/button</arg>
</arguments>
<msg timestamp="20210116 19:57:36.948" level="INFO">Clicking button 'xpath=/html/body/div[2]/div/div/div/div/div[2]/div/form/div[3]/button'.</msg>
<status status="PASS" starttime="20210116 19:57:36.947" endtime="20210116 19:57:37.079"></status>
</kw>
<kw name="Sleep" library="BuiltIn">
<doc>Pauses the test executed for the given time.</doc>
<arguments>
<arg>2</arg>
</arguments>
<msg timestamp="20210116 19:57:39.081" level="INFO">Slept 2 seconds</msg>
<status status="PASS" starttime="20210116 19:57:37.080" endtime="20210116 19:57:39.081"></status>
</kw>
<kw name="Log To Console" library="BuiltIn">
<doc>Logs the given message to the console.</doc>
<arguments>
<arg>Step1</arg>
</arguments>
<status status="PASS" starttime="20210116 19:57:39.081" endtime="20210116 19:57:39.083"></status>
</kw>
<status status="PASS" starttime="20210116 19:57:36.603" endtime="20210116 19:57:39.083"></status>
</kw>
<kw name="Navigate to Category &quot;Electronics&quot;">
<kw name="Mouse Over" library="SeleniumLibrary">
<doc>Simulates hovering the mouse over the element ``locator``.</doc>
<arguments>
<arg>${Electronics}</arg>
</arguments>
<msg timestamp="20210116 19:57:39.085" level="INFO">Simulating Mouse Over on element 'xpath=//*[@id="container"]/div/div[2]/div/div/span[1]'.</msg>
<status status="PASS" starttime="20210116 19:57:39.085" endtime="20210116 19:57:39.411"></status>
</kw>
<kw name="Sleep" library="BuiltIn">
<doc>Pauses the test executed for the given time.</doc>
<arguments>
<arg>3s</arg>
</arguments>
<msg timestamp="20210116 19:57:42.412" level="INFO">Slept 3 seconds</msg>
<status status="PASS" starttime="20210116 19:57:39.412" endtime="20210116 19:57:42.412"></status>
</kw>
<kw name="Log To Console" library="BuiltIn">
<doc>Logs the given message to the console.</doc>
<arguments>
<arg>Step2</arg>
</arguments>
<status status="PASS" starttime="20210116 19:57:42.413" endtime="20210116 19:57:42.414"></status>
</kw>
<status status="PASS" starttime="20210116 19:57:39.084" endtime="20210116 19:57:42.415"></status>
</kw>
<status status="PASS" starttime="20210116 19:57:26.186" endtime="20210116 19:57:42.416" critical="yes"></status>
</test>
<test id="s1-t2" name="Select Category">
<kw name="Select the sub category 'power bank'">
<kw name="Click Element" library="SeleniumLibrary">
<doc>Click the element identified by ``locator``.</doc>
<arguments>
<arg>Xpath=//*[@id="container"]/div/div[2]/div/div/div/div[2]/a[4]</arg>
</arguments>
<msg timestamp="20210116 19:57:42.422" level="INFO">Clicking element 'Xpath=//*[@id="container"]/div/div[2]/div/div/div/div[2]/a[4]'.</msg>
<status status="PASS" starttime="20210116 19:57:42.421" endtime="20210116 19:57:42.527"></status>
</kw>
<kw name="Sleep" library="BuiltIn">
<doc>Pauses the test executed for the given time.</doc>
<arguments>
<arg>5s</arg>
</arguments>
<msg timestamp="20210116 19:57:47.529" level="INFO">Slept 5 seconds</msg>
<status status="PASS" starttime="20210116 19:57:42.527" endtime="20210116 19:57:47.529"></status>
</kw>
<kw name="Log To Console" library="BuiltIn">
<doc>Logs the given message to the console.</doc>
<arguments>
<arg>Step3</arg>
</arguments>
<status status="PASS" starttime="20210116 19:57:47.529" endtime="20210116 19:57:47.530"></status>
</kw>
<status status="PASS" starttime="20210116 19:57:42.420" endtime="20210116 19:57:47.530"></status>
</kw>
<kw name="Select an item">
<kw name="Get Element Count" library="SeleniumLibrary">
<doc>Returns the number of elements matching ``locator``.</doc>
<arguments>
<arg>xpath=//div[@class='E2-pcE _1q8tSL']/div</arg>
</arguments>
<assign>
<var>${Category_count}</var>
</assign>
<msg timestamp="20210116 19:57:47.557" level="INFO">${Category_count} = 14</msg>
<status status="PASS" starttime="20210116 19:57:47.530" endtime="20210116 19:57:47.557"></status>
</kw>
<kw name="Sleep" library="BuiltIn">
<doc>Pauses the test executed for the given time.</doc>
<arguments>
<arg>3s</arg>
</arguments>
<msg timestamp="20210116 19:57:50.559" level="INFO">Slept 3 seconds</msg>
<status status="PASS" starttime="20210116 19:57:47.558" endtime="20210116 19:57:50.559"></status>
</kw>
<kw name="${i} IN RANGE [ 1 | ${Category_count} ]" type="for">
<kw name="${i} = 1" type="foritem">
<kw name="Get Text" library="SeleniumLibrary">
<doc>Returns the text value of the element identified by ``locator``.</doc>
<arguments>
<arg>xpath=//div[@class='E2-pcE _1q8tSL']/div[2]/div/div[${i}]/div/a[2]</arg>
</arguments>
<assign>
<var>${Category_Name}</var>
</assign>
<msg timestamp="20210116 19:57:50.620" level="INFO">${Category_Name} = Wk Life 10000 mAh Power Bank</msg>
<status status="PASS" starttime="20210116 19:57:50.561" endtime="20210116 19:57:50.620"></status>
</kw>
<kw name="Exit For Loop If" library="BuiltIn">
<doc>Stops executing the enclosing for loop if the ``condition`` is true.</doc>
<arguments>
<arg>"${Category_Name}" == "${Category_Type}"</arg>
</arguments>
<status status="PASS" starttime="20210116 19:57:50.620" endtime="20210116 19:57:50.621"></status>
</kw>
<status status="PASS" starttime="20210116 19:57:50.560" endtime="20210116 19:57:50.621"></status>
</kw>
<kw name="${i} = 2" type="foritem">
<kw name="Get Text" library="SeleniumLibrary">
<doc>Returns the text value of the element identified by ``locator``.</doc>
<arguments>
<arg>xpath=//div[@class='E2-pcE _1q8tSL']/div[2]/div/div[${i}]/div/a[2]</arg>
</arguments>
<assign>
<var>${Category_Name}</var>
</assign>
<msg timestamp="20210116 19:57:50.666" level="INFO">${Category_Name} = Wk Life 10000 mAh Power Bank (Fast Charging)</msg>
<status status="PASS" starttime="20210116 19:57:50.622" endtime="20210116 19:57:50.666"></status>
</kw>
<kw name="Exit For Loop If" library="BuiltIn">
<doc>Stops executing the enclosing for loop if the ``condition`` is true.</doc>
<arguments>
<arg>"${Category_Name}" == "${Category_Type}"</arg>
</arguments>
<status status="PASS" starttime="20210116 19:57:50.666" endtime="20210116 19:57:50.668"></status>
</kw>
<status status="PASS" starttime="20210116 19:57:50.622" endtime="20210116 19:57:50.668"></status>
</kw>
<kw name="${i} = 3" type="foritem">
<kw name="Get Text" library="SeleniumLibrary">
<doc>Returns the text value of the element identified by ``locator``.</doc>
<arguments>
<arg>xpath=//div[@class='E2-pcE _1q8tSL']/div[2]/div/div[${i}]/div/a[2]</arg>
</arguments>
<assign>
<var>${Category_Name}</var>
</assign>
<msg timestamp="20210116 19:57:50.711" level="INFO">${Category_Name} = Mi 3i 20000 mAh Power Bank (Fast Charging, 18W)</msg>
<status status="PASS" starttime="20210116 19:57:50.668" endtime="20210116 19:57:50.711"></status>
</kw>
<kw name="Exit For Loop If" library="BuiltIn">
<doc>Stops executing the enclosing for loop if the ``condition`` is true.</doc>
<arguments>
<arg>"${Category_Name}" == "${Category_Type}"</arg>
</arguments>
<msg timestamp="20210116 19:57:50.712" level="INFO">Exiting for loop altogether.</msg>
<status status="PASS" starttime="20210116 19:57:50.711" endtime="20210116 19:57:50.712"></status>
</kw>
<status status="PASS" starttime="20210116 19:57:50.668" endtime="20210116 19:57:50.712"></status>
</kw>
<status status="PASS" starttime="20210116 19:57:50.559" endtime="20210116 19:57:50.713"></status>
</kw>
<kw name="Click Element" library="SeleniumLibrary">
<doc>Click the element identified by ``locator``.</doc>
<arguments>
<arg>xpath=//div[@class='E2-pcE _1q8tSL']/div[2]/div/div[${i}]/div/a[2]</arg>
</arguments>
<msg timestamp="20210116 19:57:50.713" level="INFO">Clicking element 'xpath=//div[@class='E2-pcE _1q8tSL']/div[2]/div/div[3]/div/a[2]'.</msg>
<status status="PASS" starttime="20210116 19:57:50.713" endtime="20210116 19:57:50.847"></status>
</kw>
<kw name="Log To Console" library="BuiltIn">
<doc>Logs the given message to the console.</doc>
<arguments>
<arg>Step4</arg>
</arguments>
<status status="PASS" starttime="20210116 19:57:50.847" endtime="20210116 19:57:50.848"></status>
</kw>
<status status="PASS" starttime="20210116 19:57:47.530" endtime="20210116 19:57:50.848"></status>
</kw>
<kw name="Add to cart">
<kw name="Select Window" library="SeleniumLibrary">
<doc>DEPRECATED in SeleniumLibrary 4.0. , use `Switch Window` instead.</doc>
<arguments>
<arg>Mi 3i 20000 mAh Power Bank (Fast Charging, 18W) Price in India - Buy Mi 3i 20000 mAh Power Bank (Fast Charging, 18W) online at Flipkart.com</arg>
</arguments>
<status status="PASS" starttime="20210116 19:57:50.851" endtime="20210116 19:57:53.841"></status>
</kw>
<kw name="Get Location" library="SeleniumLibrary">
<doc>Returns the current browser window URL.</doc>
<assign>
<var>${url1}</var>
</assign>
<msg timestamp="20210116 19:57:53.852" level="INFO">${url1} = https://www.flipkart.com/mi-3i-20000-mah-power-bank-fast-charging-18w/p/itmff9ed1f750abc?pid=PWBFVGXXFGEBYRF5&amp;lid=LSTPWBFVGXXFGEBYRF514LSY9&amp;marketplace=FLIPKART&amp;spotlightTagId=BestsellerId_tyy%2F4mr%2...</msg>
<status status="PASS" starttime="20210116 19:57:53.842" endtime="20210116 19:57:53.852"></status>
</kw>
<kw name="Log To Console" library="BuiltIn">
<doc>Logs the given message to the console.</doc>
<arguments>
<arg>${url1}</arg>
</arguments>
<status status="PASS" starttime="20210116 19:57:53.853" endtime="20210116 19:57:53.854"></status>
</kw>
<kw name="Click Element" library="SeleniumLibrary">
<doc>Click the element identified by ``locator``.</doc>
<arguments>
<arg>${add_to_cart}</arg>
</arguments>
<msg timestamp="20210116 19:57:53.855" level="INFO">Clicking element 'xpath=//*[@id="container"]/div/div[3]/div[1]/div[1]/div[2]/div/ul/li[1]/button'.</msg>
<status status="PASS" starttime="20210116 19:57:53.854" endtime="20210116 19:57:53.968"></status>
</kw>
<kw name="Log To Console" library="BuiltIn">
<doc>Logs the given message to the console.</doc>
<arguments>
<arg>Step5</arg>
</arguments>
<status status="PASS" starttime="20210116 19:57:53.969" endtime="20210116 19:57:53.970"></status>
</kw>
<status status="PASS" starttime="20210116 19:57:50.850" endtime="20210116 19:57:53.970"></status>
</kw>
<status status="PASS" starttime="20210116 19:57:42.418" endtime="20210116 19:57:53.970" critical="yes"></status>
</test>
<status status="PASS" starttime="20210116 19:57:25.836" endtime="20210116 19:57:53.973"></status>
</suite>
<statistics>
<total>
<stat pass="2" fail="0">Critical Tests</stat>
<stat pass="2" fail="0">All Tests</stat>
</total>
<tag>
</tag>
<suite>
<stat pass="2" fail="0" id="s1" name="TEST2">TEST2</stat>
</suite>
</statistics>
<errors>
</errors>
</robot>
